<?xml version="1.0" encoding="UTF-8"?>
<!-- Generated by org.testng.reporters.JUnitReportReporter -->
<testsuite skipped="0" hostname="cacti" name="test.Test08TestNG" tests="1" failures="0" timestamp="2020-11-23T15:56:01 CST" time="13.407" errors="0">
  <testcase name="googleSearch" time="13.407" classname="test.Test08TestNG"/>
  <system-out/>
</testsuite> <!-- test.Test08TestNG -->
