<?xml version="1.0" encoding="UTF-8"?>
<!-- Generated by org.testng.reporters.JUnitReportReporter -->
<testsuite skipped="0" hostname="cacti" name="test.Test10ExtentReportsWithTestNG" tests="1" failures="0" timestamp="2020-11-23T17:10:28 CST" time="18.762" errors="0">
  <testcase name="googleSearch" time="18.762" classname="test.Test10ExtentReportsWithTestNG"/>
  <system-out/>
</testsuite> <!-- test.Test10ExtentReportsWithTestNG -->
